[1m============================= test session starts =============================[0m
platform win32 -- Python 3.13.14, pytest-9.1.1, pluggy-1.6.0 -- C:\Anaconda3\envs\home_credit_env\python.exe
cachedir: .pytest_cache
rootdir: C:\Users\rnand\Documents\Customer360_Navigator_Enterprise_Suite
configfile: pytest.ini
plugins: anyio-4.14.2, cov-7.1.0
[1mcollecting ... [0mcollected 328 items

tests/bp1_customer_intent_classification/test_bp1_intent_classifier.py::test_tfidf_kwargs_matches_gate3_4_5_definitions [32mPASSED[0m[33m [  0%][0m
tests/bp1_customer_intent_classification/test_bp1_intent_classifier.py::test_needs_dense_matches_gate3_4_5_definitions [32mPASSED[0m[33m [  0%][0m
tests/bp1_customer_intent_classification/test_bp1_intent_classifier.py::test_make_candidates_returns_all_six_models [32mPASSED[0m[33m [  0%][0m
tests/bp1_customer_intent_classification/test_bp1_intent_classifier.py::test_make_candidates_uses_given_random_state [32mPASSED[0m[33m [  1%][0m
tests/bp1_customer_intent_classification/test_bp1_intent_classifier.py::test_make_candidates_hist_gradient_boosting_is_correct_type [32mPASSED[0m[33m [  1%][0m
tests/bp1_customer_intent_classification/test_bp1_intent_classifier.py::test_to_dense_converts_sparse [32mPASSED[0m[33m [  1%][0m
tests/bp1_customer_intent_classification/test_bp1_intent_classifier.py::test_to_dense_passthrough_for_already_dense [32mPASSED[0m[33m [  2%][0m
tests/bp1_customer_intent_classification/test_bp1_intent_classifier.py::test_make_pipeline_no_densify_for_logistic_regression [32mPASSED[0m[33m [  2%][0m
tests/bp1_customer_intent_classification/test_bp1_intent_classifier.py::test_make_pipeline_includes_densify_for_hist_gradient_boosting [32mPASSED[0m[33m [  2%][0m
tests/bp1_customer_intent_classification/test_bp1_intent_classifier.py::test_make_pipeline_unknown_candidate_raises_keyerror [32mPASSED[0m[33m [  3%][0m
tests/bp1_customer_intent_classification/test_bp1_intent_classifier.py::test_make_pipeline_end_to_end_fit_predict [32mPASSED[0m[33m [  3%][0m
tests/bp1_customer_intent_classification/test_bp1_intent_classifier.py::test_reason_codes_for_row_only_returns_nonzero_weight_terms [32mPASSED[0m[33m [  3%][0m
tests/bp1_customer_intent_classification/test_bp1_intent_classifier.py::test_reason_codes_for_row_respects_top_k [32mPASSED[0m[33m [  3%][0m
tests/bp1_customer_intent_classification/test_bp1_intent_classifier.py::test_reason_codes_for_row_empty_when_no_nonzero_weights [32mPASSED[0m[33m [  4%][0m
tests/bp1_customer_intent_classification/test_bp1_intent_classifier.py::test_reason_codes_for_row_shape_mismatch_raises [32mPASSED[0m[33m [  4%][0m
tests/bp1_customer_intent_classification/test_gate_artifacts.py::test_gate1_target_definition_present [32mPASSED[0m[33m [  4%][0m
tests/bp1_customer_intent_classification/test_gate_artifacts.py::test_gate3_cv_results_schema_and_champion [32mPASSED[0m[33m [  5%][0m
tests/bp1_customer_intent_classification/test_gate_artifacts.py::test_gate4_statistical_validation_schema [32mPASSED[0m[33m [  5%][0m
tests/bp1_customer_intent_classification/test_gate_artifacts.py::test_gate5_decision_records_schema_and_row_count [32mPASSED[0m[33m [  5%][0m
tests/bp1_customer_intent_classification/test_gate_artifacts.py::test_gate5_compliance_touchpoint_documented [32mPASSED[0m[33m [  6%][0m
tests/bp1_customer_intent_classification/test_gate_artifacts.py::test_model_inventory_entry_accumulates_all_completed_gates [32mPASSED[0m[33m [  6%][0m
tests/bp2_customer_friction_classification/test_bp2_friction_features.py::test_feature_cols_categorical_matches_gate3_4_5_definitions [32mPASSED[0m[33m [  6%][0m
tests/bp2_customer_friction_classification/test_bp2_friction_features.py::test_company_col_and_catboost_cols_match_gate3_4_5_definitions [32mPASSED[0m[33m [  7%][0m
tests/bp2_customer_friction_classification/test_bp2_friction_features.py::test_barred_columns_matches_gate3_4_5_definitions [32mPASSED[0m[33m [  7%][0m
tests/bp2_customer_friction_classification/test_bp2_friction_features.py::test_needs_dense_and_uses_raw_categorical_match_gate3_4_5_definitions [32mPASSED[0m[33m [  7%][0m
tests/bp2_customer_friction_classification/test_bp2_friction_features.py::test_make_candidates_returns_all_five_models [32mPASSED[0m[33m [  7%][0m
tests/bp2_customer_friction_classification/test_bp2_friction_features.py::test_make_candidates_uses_given_random_state_and_class_weight_balanced [32mPASSED[0m[33m [  8%][0m
tests/bp2_customer_friction_classification/test_bp2_friction_features.py::test_make_candidates_hist_gradient_boosting_and_xgboost_never_pass_class_weight [32mPASSED[0m[33m [  8%][0m
tests/bp2_customer_friction_classification/test_bp2_friction_features.py::test_build_shared_preprocessing_shapes_and_feature_names [32mPASSED[0m[33m [  8%][0m
tests/bp2_customer_friction_classification/test_bp2_friction_features.py::test_build_shared_preprocessing_unseen_test_company_gets_zero_frequency [32mPASSED[0m[33m [  9%][0m
tests/bp2_customer_friction_classification/test_bp2_friction_features.py::test_to_dense_converts_sparse [32mPASSED[0m[33m [  9%][0m
tests/bp2_customer_friction_classification/test_bp2_friction_features.py::test_to_dense_passthrough_for_already_dense [32mPASSED[0m[33m [  9%][0m
tests/bp2_customer_friction_classification/test_bp2_friction_features.py::test_is_linear_champion_true_for_logistic_regression [32mPASSED[0m[33m [ 10%][0m
tests/bp2_customer_friction_classification/test_bp2_friction_features.py::test_is_linear_champion_false_for_tree_based_models_not_in_needs_dense [32mPASSED[0m[33m [ 10%][0m
tests/bp2_customer_friction_classification/test_bp2_friction_features.py::test_reorder_predict_proba_realigns_to_label_encoder_order [32mPASSED[0m[33m [ 10%][0m
tests/bp2_customer_friction_classification/test_bp2_friction_features.py::test_reorder_predict_proba_identity_when_orders_already_match [32mPASSED[0m[33m [ 10%][0m
tests/bp2_customer_friction_classification/test_bp2_friction_features.py::test_reason_codes_for_row_shared_only_returns_nonzero_valued_features [32mPASSED[0m[33m [ 11%][0m
tests/bp2_customer_friction_classification/test_bp2_friction_features.py::test_reason_codes_for_row_shared_is_the_bp1_module_function [32mPASSED[0m[33m [ 11%][0m
tests/bp2_customer_friction_classification/test_bp2_friction_features.py::test_reason_codes_for_row_raw_categorical_formats_column_equals_value [32mPASSED[0m[33m [ 11%][0m
tests/bp2_customer_friction_classification/test_bp2_friction_features.py::test_reason_codes_for_row_raw_categorical_includes_missing_as_a_real_value [32mPASSED[0m[33m [ 12%][0m
tests/bp2_customer_friction_classification/test_bp2_friction_features.py::test_reason_codes_for_row_raw_categorical_shape_mismatch_raises [32mPASSED[0m[33m [ 12%][0m
tests/bp2_customer_friction_classification/test_gate_artifacts.py::test_gate1_target_definition_present [32mPASSED[0m[33m [ 12%][0m
tests/bp2_customer_friction_classification/test_gate_artifacts.py::test_gate2_severity_class_row_counts_present_and_consistent [32mPASSED[0m[33m [ 13%][0m
tests/bp2_customer_friction_classification/test_gate_artifacts.py::test_gate3_cv_results_schema_and_champion [32mPASSED[0m[33m [ 13%][0m
tests/bp2_customer_friction_classification/test_gate_artifacts.py::test_gate3_failed_candidate_excluded_from_champion_selection [33mSKIPPED[0m[33m [ 13%][0m
tests/bp2_customer_friction_classification/test_gate_artifacts.py::test_gate4_statistical_validation_schema [32mPASSED[0m[33m [ 14%][0m
tests/bp2_customer_friction_classification/test_gate_artifacts.py::test_gate5_decision_records_schema_and_row_count [32mPASSED[0m[33m [ 14%][0m
tests/bp2_customer_friction_classification/test_gate_artifacts.py::test_gate5_recomputed_accuracy_matches_gate3_recorded [32mPASSED[0m[33m [ 14%][0m
tests/bp2_customer_friction_classification/test_gate_artifacts.py::test_gate5_compliance_touchpoint_documents_no_genai [32mPASSED[0m[33m [ 14%][0m
tests/bp2_customer_friction_classification/test_gate_artifacts.py::test_model_inventory_entry_accumulates_all_completed_gates [32mPASSED[0m[33m [ 15%][0m
tests/bp3_complaint_escalation_prediction/test_bp3_escalation_features.py::test_feature_cols_categorical_matches_gate3_4_5_definitions [32mPASSED[0m[33m [ 15%][0m
tests/bp3_complaint_escalation_prediction/test_bp3_escalation_features.py::test_company_col_matches_gate3_4_5_definitions [32mPASSED[0m[33m [ 15%][0m
tests/bp3_complaint_escalation_prediction/test_bp3_escalation_features.py::test_barred_columns_matches_gate1_policy_json [32mPASSED[0m[33m [ 16%][0m
tests/bp3_complaint_escalation_prediction/test_bp3_escalation_features.py::test_needs_dense_matches_gate3_4_5_definitions [32mPASSED[0m[33m [ 16%][0m
tests/bp3_complaint_escalation_prediction/test_bp3_escalation_features.py::test_feature_cols_and_barred_cols_never_overlap [32mPASSED[0m[33m [ 16%][0m
tests/bp3_complaint_escalation_prediction/test_bp3_escalation_features.py::test_intervention_target_expr_assigns_target_and_exclusion_reason_correctly [32mPASSED[0m[33m [ 17%][0m
tests/bp3_complaint_escalation_prediction/test_bp3_escalation_features.py::test_intervention_target_expr_trainable_rows_never_carry_an_exclusion_reason [32mPASSED[0m[33m [ 17%][0m
tests/bp3_complaint_escalation_prediction/test_bp3_escalation_features.py::test_null_screen_report_counts_real_nulls_per_column [32mPASSED[0m[33m [ 17%][0m
tests/bp3_complaint_escalation_prediction/test_bp3_escalation_features.py::test_fill_categorical_nulls_expr_fills_only_columns_with_a_sentinel [32mPASSED[0m[33m [ 17%][0m
tests/bp3_complaint_escalation_prediction/test_bp3_escalation_features.py::test_fill_categorical_nulls_expr_only_touches_columns_in_null_sentinel_map [32mPASSED[0m[33m [ 18%][0m
tests/bp3_complaint_escalation_prediction/test_bp3_escalation_features.py::test_feature_lineage_table_covers_every_feature_and_every_barred_column [32mPASSED[0m[33m [ 18%][0m
tests/bp3_complaint_escalation_prediction/test_bp3_escalation_features.py::test_feature_lineage_table_target_row_is_never_a_feature [32mPASSED[0m[33m [ 18%][0m
tests/bp3_complaint_escalation_prediction/test_bp3_escalation_features.py::test_make_candidates_returns_all_five_models [32mPASSED[0m[33m [ 19%][0m
tests/bp3_complaint_escalation_prediction/test_bp3_escalation_features.py::test_make_candidates_uses_given_random_state_and_class_weight_balanced [32mPASSED[0m[33m [ 19%][0m
tests/bp3_complaint_escalation_prediction/test_bp3_escalation_features.py::test_make_candidates_only_xgboost_receives_live_scale_pos_weight [32mPASSED[0m[33m [ 19%][0m
tests/bp3_complaint_escalation_prediction/test_bp3_escalation_features.py::test_make_candidates_hist_gradient_boosting_never_passed_class_weight [32mPASSED[0m[33m [ 20%][0m
tests/bp3_complaint_escalation_prediction/test_bp3_escalation_features.py::test_build_shared_preprocessing_shapes_and_feature_names [32mPASSED[0m[33m [ 20%][0m
tests/bp3_complaint_escalation_prediction/test_bp3_escalation_features.py::test_build_shared_preprocessing_unseen_test_company_gets_zero_frequency [32mPASSED[0m[33m [ 20%][0m
tests/bp3_complaint_escalation_prediction/test_bp3_escalation_features.py::test_to_dense_converts_sparse [32mPASSED[0m[33m [ 21%][0m
tests/bp3_complaint_escalation_prediction/test_bp3_escalation_features.py::test_to_dense_passthrough_for_already_dense [32mPASSED[0m[33m [ 21%][0m
tests/bp3_complaint_escalation_prediction/test_bp3_escalation_features.py::test_is_linear_champion_true_for_logistic_regression [32mPASSED[0m[33m [ 21%][0m
tests/bp3_complaint_escalation_prediction/test_bp3_escalation_features.py::test_is_linear_champion_false_for_tree_based_models_not_in_needs_dense [32mPASSED[0m[33m [ 21%][0m
tests/bp3_complaint_escalation_prediction/test_bp3_escalation_features.py::test_reason_codes_for_row_shared_only_returns_nonzero_valued_features [32mPASSED[0m[33m [ 22%][0m
tests/bp3_complaint_escalation_prediction/test_bp3_escalation_features.py::test_reason_codes_for_row_shared_is_the_bp1_module_function [32mPASSED[0m[33m [ 22%][0m
tests/bp3_complaint_escalation_prediction/test_bp3_escalation_features.py::test_reason_codes_for_row_shared_shape_mismatch_raises [32mPASSED[0m[33m [ 22%][0m
tests/bp3_complaint_escalation_prediction/test_gate_artifacts.py::test_gate1_target_definition_present [32mPASSED[0m[33m [ 23%][0m
tests/bp3_complaint_escalation_prediction/test_gate_artifacts.py::test_gate1_policy_json_records_live_tags_finding [32mPASSED[0m[33m [ 23%][0m
tests/bp3_complaint_escalation_prediction/test_gate_artifacts.py::test_gate2_row_accounting_present_and_consistent [32mPASSED[0m[33m [ 23%][0m
tests/bp3_complaint_escalation_prediction/test_gate_artifacts.py::test_gate2_no_barred_column_used_as_feature_flag_is_true [32mPASSED[0m[33m [ 24%][0m
tests/bp3_complaint_escalation_prediction/test_gate_artifacts.py::test_gate3_cv_results_schema_and_champion [32mPASSED[0m[33m [ 24%][0m
tests/bp3_complaint_escalation_prediction/test_gate_artifacts.py::test_gate3_failed_candidates_never_carry_a_usable_score [33mSKIPPED[0m[33m [ 24%][0m
tests/bp3_complaint_escalation_prediction/test_gate_artifacts.py::test_gate3_champion_selection_metric_is_pr_auc_not_accuracy [32mPASSED[0m[33m [ 25%][0m
tests/bp3_complaint_escalation_prediction/test_gate_artifacts.py::test_gate4_statistical_validation_schema [32mPASSED[0m[33m [ 25%][0m
tests/bp3_complaint_escalation_prediction/test_gate_artifacts.py::test_gate4_disparate_impact_check_present_and_bounded [32mPASSED[0m[33m [ 25%][0m
tests/bp3_complaint_escalation_prediction/test_gate_artifacts.py::test_gate5_decision_records_schema_and_row_count [32mPASSED[0m[33m [ 25%][0m
tests/bp3_complaint_escalation_prediction/test_gate_artifacts.py::test_gate5_recomputed_pr_auc_matches_gate3_recorded [32mPASSED[0m[33m [ 26%][0m
tests/bp3_complaint_escalation_prediction/test_gate_artifacts.py::test_gate5_disparate_impact_recompute_matches_gate4_recorded [32mPASSED[0m[33m [ 26%][0m
tests/bp3_complaint_escalation_prediction/test_gate_artifacts.py::test_gate5_compliance_touchpoint_documents_no_genai [32mPASSED[0m[33m [ 26%][0m
tests/bp3_complaint_escalation_prediction/test_gate_artifacts.py::test_model_inventory_entry_accumulates_all_completed_gates [32mPASSED[0m[33m [ 27%][0m
tests/bp3_complaint_escalation_prediction/test_gate_artifacts.py::test_no_barred_column_ever_appears_in_recorded_feature_columns [32mPASSED[0m[33m [ 27%][0m
tests/bp4_customer_journey_analytics/test_bp4_journey_features.py::test_cluster_key_matches_gate1_policy_definition [32mPASSED[0m[33m [ 27%][0m
tests/bp4_customer_journey_analytics/test_bp4_journey_features.py::test_barred_journey_columns_matches_gate1_scope_boundaries [32mPASSED[0m[33m [ 28%][0m
tests/bp4_customer_journey_analytics/test_bp4_journey_features.py::test_cluster_key_and_barred_columns_never_overlap [32mPASSED[0m[33m [ 28%][0m
tests/bp4_customer_journey_analytics/test_bp4_journey_features.py::test_null_sentinel_map_covers_exactly_the_gate1_live_checked_null_columns [32mPASSED[0m[33m [ 28%][0m
tests/bp4_customer_journey_analytics/test_bp4_journey_features.py::test_live_null_counts_reports_real_nulls_per_journey_relevant_column [32mPASSED[0m[33m [ 28%][0m
tests/bp4_customer_journey_analytics/test_bp4_journey_features.py::test_journey_derived_columns_expr_computes_response_lag_days_and_month [32mPASSED[0m[33m [ 29%][0m
tests/bp4_customer_journey_analytics/test_bp4_journey_features.py::test_fill_journey_nulls_expr_fills_sentinel_and_flags_was_null [32mPASSED[0m[33m [ 29%][0m
tests/bp4_customer_journey_analytics/test_bp4_journey_features.py::test_fill_journey_nulls_expr_only_touches_null_sentinel_map_columns [32mPASSED[0m[33m [ 29%][0m
tests/bp4_customer_journey_analytics/test_bp4_journey_features.py::test_build_issue_cluster_monthly_aggregates_per_cluster_per_month [32mPASSED[0m[33m [ 30%][0m
tests/bp4_customer_journey_analytics/test_bp4_journey_features.py::test_build_issue_cluster_summary_computes_real_per_cluster_totals_and_recurring_flag [32mPASSED[0m[33m [ 30%][0m
tests/bp4_customer_journey_analytics/test_bp4_journey_features.py::test_build_issue_cluster_summary_is_sorted_descending_by_complaint_count [32mPASSED[0m[33m [ 30%][0m
tests/bp4_customer_journey_analytics/test_bp4_journey_features.py::test_feature_lineage_table_covers_engineered_columns_and_barred_columns [32mPASSED[0m[33m [ 31%][0m
tests/bp4_customer_journey_analytics/test_bp4_journey_features.py::test_feature_lineage_table_sentinel_rows_note_cluster_key_membership [32mPASSED[0m[33m [ 31%][0m
tests/bp4_customer_journey_analytics/test_gate_artifacts.py::test_gate1_journey_definition_present [32mPASSED[0m[33m [ 31%][0m
tests/bp4_customer_journey_analytics/test_gate_artifacts.py::test_gate1_policy_json_records_compliance_touchpoint [32mPASSED[0m[33m [ 32%][0m
tests/bp4_customer_journey_analytics/test_gate_artifacts.py::test_gate1_barred_journey_columns_never_in_scope_boundaries_as_a_grouping_key [32mPASSED[0m[33m [ 32%][0m
tests/bp4_customer_journey_analytics/test_gate_artifacts.py::test_gate2_journey_row_count_matches_raw [32mPASSED[0m[33m [ 32%][0m
tests/bp4_customer_journey_analytics/test_gate_artifacts.py::test_gate2_no_barred_column_used_as_feature_flag_is_true [32mPASSED[0m[33m [ 32%][0m
tests/bp4_customer_journey_analytics/test_gate_artifacts.py::test_gate2_cluster_count_matches_gate1 [32mPASSED[0m[33m [ 33%][0m
tests/bp4_customer_journey_analytics/test_gate_artifacts.py::test_gate3_benchmark_results_schema_and_champion [32mPASSED[0m[33m [ 33%][0m
tests/bp4_customer_journey_analytics/test_gate_artifacts.py::test_gate3_incorrect_candidates_never_carry_a_usable_timing [33mSKIPPED[0m[33m [ 33%][0m
tests/bp4_customer_journey_analytics/test_gate_artifacts.py::test_gate3_champion_selection_never_uses_a_predictive_metric [32mPASSED[0m[33m [ 34%][0m
tests/bp4_customer_journey_analytics/test_gate_artifacts.py::test_gate4_bootstrap_cis_schema_and_bounds [32mPASSED[0m[33m [ 34%][0m
tests/bp4_customer_journey_analytics/test_gate_artifacts.py::test_gate4_ecoa_touchpoint_stated_not_applicable [32mPASSED[0m[33m [ 34%][0m
tests/bp4_customer_journey_analytics/test_gate_artifacts.py::test_gate4_reproducibility_confirmed [32mPASSED[0m[33m [ 35%][0m
tests/bp4_customer_journey_analytics/test_gate_artifacts.py::test_gate4_performance_report_champion_matches_gate3 [32mPASSED[0m[33m [ 35%][0m
tests/bp4_customer_journey_analytics/test_gate_artifacts.py::test_gate5_cluster_decision_report_schema_and_row_count [32mPASSED[0m[33m [ 35%][0m
tests/bp4_customer_journey_analytics/test_gate_artifacts.py::test_gate5_row_coverage_matches_gate1_journey_row_count [32mPASSED[0m[33m [ 35%][0m
tests/bp4_customer_journey_analytics/test_gate_artifacts.py::test_gate5_compliance_touchpoint_documents_no_genai [32mPASSED[0m[33m [ 36%][0m
tests/bp4_customer_journey_analytics/test_gate_artifacts.py::test_gate5_elevated_lag_reference_matches_gate4_recorded_point_estimate [32mPASSED[0m[33m [ 36%][0m
tests/bp4_customer_journey_analytics/test_gate_artifacts.py::test_no_barred_column_ever_appears_in_cluster_key [32mPASSED[0m[33m [ 36%][0m
tests/bp5_root_cause_driver_analytics/test_bp5_driver_association.py::test_association_not_causation_disclaimer_is_nonempty_and_says_association [32mPASSED[0m[33m [ 37%][0m
tests/bp5_root_cause_driver_analytics/test_bp5_driver_association.py::test_udaap_banned_causal_patterns_contains_the_real_bug_case [32mPASSED[0m[33m [ 37%][0m
tests/bp5_root_cause_driver_analytics/test_bp5_driver_association.py::test_chi_square_cramers_v_detects_perfect_association [32mPASSED[0m[33m [ 37%][0m
tests/bp5_root_cause_driver_analytics/test_bp5_driver_association.py::test_chi_square_cramers_v_near_zero_for_independent_data [32mPASSED[0m[33m [ 38%][0m
tests/bp5_root_cause_driver_analytics/test_bp5_driver_association.py::test_log_odds_ratio_reference_defaults_to_most_frequent_category [32mPASSED[0m[33m [ 38%][0m
tests/bp5_root_cause_driver_analytics/test_bp5_driver_association.py::test_log_odds_ratio_applies_continuity_correction_only_on_zero_cell [32mPASSED[0m[33m [ 38%][0m
tests/bp5_root_cause_driver_analytics/test_bp5_driver_association.py::test_log_odds_ratio_min_n_per_category_excludes_small_categories [32mPASSED[0m[33m [ 39%][0m
tests/bp5_root_cause_driver_analytics/test_bp5_driver_association.py::test_univariate_logistic_numeric_converges_and_reports_positive_association [32mPASSED[0m[33m [ 39%][0m
tests/bp5_root_cause_driver_analytics/test_bp5_driver_association.py::test_compute_response_duration_days_real_arithmetic [32mPASSED[0m[33m [ 39%][0m
tests/bp5_root_cause_driver_analytics/test_bp5_driver_association.py::test_bootstrap_ci_metric_ci_brackets_point_estimate [32mPASSED[0m[33m [ 39%][0m
tests/bp5_root_cause_driver_analytics/test_bp5_driver_association.py::test_bootstrap_ci_metric_skips_single_class_resamples_and_counts_them [32mPASSED[0m[33m [ 40%][0m
tests/bp5_root_cause_driver_analytics/test_bp5_driver_association.py::test_compute_calibration_curve_brier_score_zero_for_perfect_predictions [32mPASSED[0m[33m [ 40%][0m
tests/bp5_root_cause_driver_analytics/test_bp5_driver_association.py::test_compute_calibration_curve_handles_too_few_distinct_probabilities [32mPASSED[0m[33m [ 40%][0m
tests/bp5_root_cause_driver_analytics/test_bp5_driver_association.py::test_compute_confusion_matrix_at_threshold_known_counts [32mPASSED[0m[33m [ 41%][0m
tests/bp5_root_cause_driver_analytics/test_bp5_driver_association.py::test_check_udaap_language_flags_unquoted_causal_assertion [32mPASSED[0m[33m [ 41%][0m
tests/bp5_root_cause_driver_analytics/test_bp5_driver_association.py::test_check_udaap_language_masks_quoted_real_source_value_and_discloses_it_separately [32mPASSED[0m[33m [ 41%][0m
tests/bp5_root_cause_driver_analytics/test_bp5_driver_association.py::test_check_udaap_language_batch_survives_unpaired_apostrophe_across_sentences [32mPASSED[0m[33m [ 42%][0m
tests/bp5_root_cause_driver_analytics/test_bp5_driver_association.py::test_check_udaap_language_batch_fails_on_a_genuine_authored_causal_claim [32mPASSED[0m[33m [ 42%][0m
tests/bp5_root_cause_driver_analytics/test_bp5_driver_association.py::test_make_citation_schema_has_all_seven_bp6_fields [32mPASSED[0m[33m [ 42%][0m
tests/bp5_root_cause_driver_analytics/test_bp5_driver_association.py::test_build_field_ranking_excludes_control_field_and_sorts_descending [32mPASSED[0m[33m [ 42%][0m
tests/bp5_root_cause_driver_analytics/test_bp5_driver_association.py::test_build_category_findings_respects_min_n_and_top_k [32mPASSED[0m[33m [ 43%][0m
tests/bp5_root_cause_driver_analytics/test_bp5_driver_association.py::test_map_shap_feature_company_freq_special_case [32mPASSED[0m[33m [ 43%][0m
tests/bp5_root_cause_driver_analytics/test_bp5_driver_association.py::test_map_shap_feature_prefix_matching_does_not_confuse_issue_and_sub_issue [32mPASSED[0m[33m [ 43%][0m
tests/bp5_root_cause_driver_analytics/test_bp5_driver_association.py::test_build_shap_findings_sorted_desc_and_capped_at_top_k [32mPASSED[0m[33m [ 44%][0m
tests/bp5_root_cause_driver_analytics/test_bp5_driver_association.py::test_build_company_frequency_finding_extracts_real_fields [32mPASSED[0m[33m [ 44%][0m
tests/bp5_root_cause_driver_analytics/test_bp5_driver_association.py::test_build_field_narrative_contains_quoted_field_name_and_metric [32mPASSED[0m[33m [ 44%][0m
tests/bp5_root_cause_driver_analytics/test_bp5_driver_association.py::test_build_category_narrative_contains_both_quoted_categories [32mPASSED[0m[33m [ 45%][0m
tests/bp5_root_cause_driver_analytics/test_bp5_driver_association.py::test_build_shap_narrative_handles_company_freq_with_no_category [32mPASSED[0m[33m [ 45%][0m
tests/bp5_root_cause_driver_analytics/test_bp5_driver_association.py::test_build_champion_model_converges_without_warning_on_synthetic_data [32mPASSED[0m[33m [ 45%][0m
tests/bp5_root_cause_driver_analytics/test_gate_artifacts.py::test_gate1_target_definition_declares_two_outcomes_not_one [32mPASSED[0m[33m [ 46%][0m
tests/bp5_root_cause_driver_analytics/test_gate_artifacts.py::test_gate1_policy_json_ecoa_reg_b_not_applicable [32mPASSED[0m[33m [ 46%][0m
tests/bp5_root_cause_driver_analytics/test_gate_artifacts.py::test_gate1_leakage_rules_bar_the_two_outcome_defining_columns [32mPASSED[0m[33m [ 46%][0m
tests/bp5_root_cause_driver_analytics/test_gate_artifacts.py::test_gate2_candidate_driver_null_counts_covers_exactly_the_seven_real_fields [32mPASSED[0m[33m [ 46%][0m
tests/bp5_root_cause_driver_analytics/test_gate_artifacts.py::test_gate2_outcome_counts_match_gate1_policy_json [32mPASSED[0m[33m [ 47%][0m
tests/bp5_root_cause_driver_analytics/test_gate_artifacts.py::test_gate2_no_barred_column_used_as_driver [32mPASSED[0m[33m [ 47%][0m
tests/bp5_root_cause_driver_analytics/test_gate_artifacts.py::test_gate3_chi_square_test_count_matches_six_fields_times_two_outcomes [32mPASSED[0m[33m [ 47%][0m
tests/bp5_root_cause_driver_analytics/test_gate_artifacts.py::test_gate3_barred_fields_bar_not_relaxed [32mPASSED[0m[33m [ 48%][0m
tests/bp5_root_cause_driver_analytics/test_gate_artifacts.py::test_gate3_held_out_metrics_in_valid_range [32mPASSED[0m[33m [ 48%][0m
tests/bp5_root_cause_driver_analytics/test_gate_artifacts.py::test_gate3_artifact_files_referenced_in_config_actually_exist [32mPASSED[0m[33m [ 48%][0m
tests/bp5_root_cause_driver_analytics/test_gate_artifacts.py::test_gate4_consistent_with_gate3_recorded_champion_aucs [32mPASSED[0m[33m [ 49%][0m
tests/bp5_root_cause_driver_analytics/test_gate_artifacts.py::test_gate4_bootstrap_ci_matches_gate3_recorded_point_estimate_within_tolerance [32mPASSED[0m[33m [ 49%][0m
tests/bp5_root_cause_driver_analytics/test_gate_artifacts.py::test_gate4_confusion_matrix_recall_precision_in_valid_range [32mPASSED[0m[33m [ 49%][0m
tests/bp5_root_cause_driver_analytics/test_gate_artifacts.py::test_gate5_udaap_language_check_passed [32mPASSED[0m[33m [ 50%][0m
tests/bp5_root_cause_driver_analytics/test_gate_artifacts.py::test_gate5_barred_fields_bar_still_not_relaxed [32mPASSED[0m[33m [ 50%][0m
tests/bp5_root_cause_driver_analytics/test_gate_artifacts.py::test_gate5_report_json_has_the_citation_schema_on_every_field_finding [32mPASSED[0m[33m [ 50%][0m
tests/bp5_root_cause_driver_analytics/test_gate_artifacts.py::test_gate5_report_field_ranking_excludes_state_control_field [32mPASSED[0m[33m [ 50%][0m
tests/bp5_root_cause_driver_analytics/test_gate_artifacts.py::test_gate6_governance_fields_present_with_boolean_type [32mPASSED[0m[33m [ 51%][0m
tests/bp5_root_cause_driver_analytics/test_gate_artifacts.py::test_gate6_model_card_and_changelog_written [32mPASSED[0m[33m [ 51%][0m
tests/deployment/test_bp4_readiness_verdict.py::test_fully_healthy_bp4_is_artifact_and_service_ready [32mPASSED[0m[33m [ 51%][0m
tests/deployment/test_bp4_readiness_verdict.py::test_no_config_at_all_reports_fail_not_a_crash [32mPASSED[0m[33m [ 52%][0m
tests/deployment/test_bp4_readiness_verdict.py::test_config_exists_but_no_persistence_block_is_pending_not_fail [32mPASSED[0m[33m [ 52%][0m
tests/deployment/test_bp4_readiness_verdict.py::test_run_tests_false_marks_test_suite_passes_pending [32mPASSED[0m[33m [ 52%][0m
tests/deployment/test_bp4_readiness_verdict.py::test_tampered_parquet_fails_integrity_check [32mPASSED[0m[33m [ 53%][0m
tests/deployment/test_bp4_readiness_verdict.py::test_missing_parquet_file_fails_not_pending [32mPASSED[0m[33m [ 53%][0m
tests/deployment/test_bp4_readiness_verdict.py::test_row_count_drift_fails_schema_sane_check [32mPASSED[0m[33m [ 53%][0m
tests/deployment/test_bp4_readiness_verdict.py::test_broken_service_module_fails_import_check [32mPASSED[0m[33m [ 53%][0m
tests/deployment/test_bp4_readiness_verdict.py::test_service_missing_required_route_fails [32mPASSED[0m[33m [ 54%][0m
tests/deployment/test_bp4_readiness_verdict.py::test_missing_pyproject_dependency_declaration_fails [32mPASSED[0m[33m [ 54%][0m
tests/deployment/test_bp4_readiness_verdict.py::test_run_tests_true_actually_executes_pytest_subprocess [32mPASSED[0m[33m [ 54%][0m
tests/deployment/test_bp4_readiness_verdict.py::test_resolve_config_relative_path_handles_clean_forward_slash_path [32mPASSED[0m[33m [ 55%][0m
tests/deployment/test_bp4_readiness_verdict.py::test_resolve_config_relative_path_reverses_real_yaml_escape_corruption [32mPASSED[0m[33m [ 55%][0m
tests/deployment/test_bp4_readiness_verdict.py::test_bp4_readiness_check_resolves_real_corrupted_parquet_path [32mPASSED[0m[33m [ 55%][0m
tests/deployment/test_bp4_readiness_verdict.py::test_cluster_key_constant_matches_real_service_key [32mPASSED[0m[33m [ 56%][0m
tests/deployment/test_readiness_verdict.py::test_fully_healthy_bp_is_model_artifact_and_service_ready [32mPASSED[0m[33m [ 56%][0m
tests/deployment/test_readiness_verdict.py::test_no_config_at_all_reports_fail_not_a_crash [32mPASSED[0m[33m [ 56%][0m
tests/deployment/test_readiness_verdict.py::test_config_exists_but_no_persistence_block_is_pending_not_fail [32mPASSED[0m[33m [ 57%][0m
tests/deployment/test_readiness_verdict.py::test_tampered_bundle_fails_integrity_check [32mPASSED[0m[33m [ 57%][0m
tests/deployment/test_readiness_verdict.py::test_accuracy_drift_between_gate_and_persistence_fails [32mPASSED[0m[33m [ 57%][0m
tests/deployment/test_readiness_verdict.py::test_missing_bundle_file_fails_not_pending [32mPASSED[0m[33m [ 57%][0m
tests/deployment/test_readiness_verdict.py::test_broken_service_module_fails_import_check [32mPASSED[0m[33m [ 58%][0m
tests/deployment/test_readiness_verdict.py::test_missing_httpx_dependency_declaration_fails [32mPASSED[0m[33m [ 58%][0m
tests/deployment/test_readiness_verdict.py::test_run_tests_true_actually_executes_pytest_subprocess [32mPASSED[0m[33m [ 58%][0m
tests/deployment/test_readiness_verdict.py::test_bp3_fully_healthy_uses_pr_auc_metric_fields_not_accuracy [32mPASSED[0m[33m [ 59%][0m
tests/deployment/test_readiness_verdict.py::test_bp3_pr_auc_drift_between_gate_and_persistence_fails [32mPASSED[0m[33m [ 59%][0m
tests/deployment/test_readiness_verdict.py::test_resolve_config_relative_path_handles_clean_forward_slash_path [32mPASSED[0m[33m [ 59%][0m
tests/deployment/test_readiness_verdict.py::test_resolve_config_relative_path_handles_literal_windows_backslashes [32mPASSED[0m[33m [ 60%][0m
tests/deployment/test_readiness_verdict.py::test_resolve_config_relative_path_reverses_real_yaml_escape_corruption [32mPASSED[0m[33m [ 60%][0m
tests/deployment/test_readiness_verdict.py::test_bp3_readiness_check_resolves_real_corrupted_joblib_path [32mPASSED[0m[33m [ 60%][0m
tests/deployment/test_readiness_verdict.py::test_supported_bps_registry_covers_bp1_bp2_and_bp3 [32mPASSED[0m[33m [ 60%][0m
tests/deployment/test_readiness_verdict.py::test_unsupported_bp_id_raises [32mPASSED[0m[33m [ 61%][0m
tests/services/test_bp1_inference_service.py::test_root_lists_endpoints [32mPASSED[0m[33m [ 61%][0m
tests/services/test_bp1_inference_service.py::test_health_ok_when_model_loaded [32mPASSED[0m[33m [ 61%][0m
tests/services/test_bp1_inference_service.py::test_predict_returns_sensible_top3 [32mPASSED[0m[33m [ 62%][0m
tests/services/test_bp1_inference_service.py::test_predict_batch_of_multiple_texts [32mPASSED[0m[33m [ 62%][0m
tests/services/test_bp1_inference_service.py::test_predict_rejects_empty_batch [32mPASSED[0m[33m [ 62%][0m
tests/services/test_bp1_inference_service.py::test_predict_rejects_blank_text [32mPASSED[0m[33m [ 63%][0m
tests/services/test_bp1_inference_service.py::test_predict_rejects_batch_over_max_size [32mPASSED[0m[33m [ 63%][0m
tests/services/test_bp1_inference_service.py::test_predict_rejects_missing_texts_field [32mPASSED[0m[33m [ 63%][0m
tests/services/test_bp1_inference_service.py::test_health_reports_model_not_loaded_when_bundle_missing [32mPASSED[0m[33m [ 64%][0m
tests/services/test_bp1_inference_service.py::test_predict_returns_503_when_bundle_missing [32mPASSED[0m[33m [ 64%][0m
tests/services/test_bp1_inference_service.py::test_real_bp1_champion_bundle_serves_predictions [32mPASSED[0m[33m [ 64%][0m
tests/services/test_bp2_inference_service.py::test_root_lists_required_fields [32mPASSED[0m[33m [ 64%][0m
tests/services/test_bp2_inference_service.py::test_health_ok_when_model_loaded [32mPASSED[0m[33m [ 65%][0m
tests/services/test_bp2_inference_service.py::test_predict_known_company_returns_sensible_response [32mPASSED[0m[33m [ 65%][0m
tests/services/test_bp2_inference_service.py::test_predict_unseen_company_uses_zero_frequency_fallback [32mPASSED[0m[33m [ 65%][0m
tests/services/test_bp2_inference_service.py::test_predict_batch_of_multiple_items [32mPASSED[0m[33m [ 66%][0m
tests/services/test_bp2_inference_service.py::test_predict_rejects_empty_batch [32mPASSED[0m[33m [ 66%][0m
tests/services/test_bp2_inference_service.py::test_predict_rejects_missing_required_field [32mPASSED[0m[33m [ 66%][0m
tests/services/test_bp2_inference_service.py::test_predict_rejects_blank_required_field [32mPASSED[0m[33m [ 67%][0m
tests/services/test_bp2_inference_service.py::test_predict_rejects_batch_over_max_size [32mPASSED[0m[33m [ 67%][0m
tests/services/test_bp2_inference_service.py::test_health_reports_model_not_loaded_when_bundle_missing [32mPASSED[0m[33m [ 67%][0m
tests/services/test_bp2_inference_service.py::test_predict_returns_503_when_bundle_missing [32mPASSED[0m[33m [ 67%][0m
tests/services/test_bp2_inference_service.py::test_real_bp2_champion_bundle_serves_predictions [32mPASSED[0m[33m [ 68%][0m
tests/services/test_bp3_inference_service.py::test_root_lists_required_fields [32mPASSED[0m[33m [ 68%][0m
tests/services/test_bp3_inference_service.py::test_health_ok_when_model_loaded [32mPASSED[0m[33m [ 68%][0m
tests/services/test_bp3_inference_service.py::test_predict_known_company_returns_sensible_response [32mPASSED[0m[33m [ 69%][0m
tests/services/test_bp3_inference_service.py::test_predict_unseen_company_uses_zero_frequency_fallback [32mPASSED[0m[33m [ 69%][0m
tests/services/test_bp3_inference_service.py::test_predict_batch_of_multiple_items [32mPASSED[0m[33m [ 69%][0m
tests/services/test_bp3_inference_service.py::test_predict_rejects_empty_batch [32mPASSED[0m[33m [ 70%][0m
tests/services/test_bp3_inference_service.py::test_predict_rejects_missing_required_field [32mPASSED[0m[33m [ 70%][0m
tests/services/test_bp3_inference_service.py::test_predict_rejects_blank_required_field [32mPASSED[0m[33m [ 70%][0m
tests/services/test_bp3_inference_service.py::test_predict_rejects_batch_over_max_size [32mPASSED[0m[33m [ 71%][0m
tests/services/test_bp3_inference_service.py::test_health_reports_model_not_loaded_when_bundle_missing [32mPASSED[0m[33m [ 71%][0m
tests/services/test_bp3_inference_service.py::test_predict_returns_503_when_bundle_missing [32mPASSED[0m[33m [ 71%][0m
tests/services/test_bp3_inference_service.py::test_real_bp3_champion_bundle_serves_predictions [32mPASSED[0m[33m [ 71%][0m
tests/services/test_bp4_decision_service.py::test_root_lists_cluster_key_and_tiers [32mPASSED[0m[33m [ 72%][0m
tests/services/test_bp4_decision_service.py::test_health_ok_when_artifact_loaded [32mPASSED[0m[33m [ 72%][0m
tests/services/test_bp4_decision_service.py::test_lookup_exact_key_returns_record [32mPASSED[0m[33m [ 72%][0m
tests/services/test_bp4_decision_service.py::test_lookup_company_with_slash_character [32mPASSED[0m[33m [ 73%][0m
tests/services/test_bp4_decision_service.py::test_lookup_unknown_key_returns_404 [32mPASSED[0m[33m [ 73%][0m
tests/services/test_bp4_decision_service.py::test_lookup_rejects_missing_query_param [32mPASSED[0m[33m [ 73%][0m
tests/services/test_bp4_decision_service.py::test_list_clusters_no_filter_returns_all [32mPASSED[0m[33m [ 74%][0m
tests/services/test_bp4_decision_service.py::test_list_clusters_filters_by_tier [32mPASSED[0m[33m [ 74%][0m
tests/services/test_bp4_decision_service.py::test_list_clusters_rejects_invalid_tier [32mPASSED[0m[33m [ 74%][0m
tests/services/test_bp4_decision_service.py::test_list_clusters_filters_by_company [32mPASSED[0m[33m [ 75%][0m
tests/services/test_bp4_decision_service.py::test_list_clusters_recurring_only_filter [32mPASSED[0m[33m [ 75%][0m
tests/services/test_bp4_decision_service.py::test_list_clusters_pagination [32mPASSED[0m[33m [ 75%][0m
tests/services/test_bp4_decision_service.py::test_list_clusters_by_tier_path_endpoint [32mPASSED[0m[33m [ 75%][0m
tests/services/test_bp4_decision_service.py::test_list_clusters_rejects_limit_over_max [32mPASSED[0m[33m [ 76%][0m
tests/services/test_bp4_decision_service.py::test_health_reports_artifact_not_loaded_when_parquet_missing [32mPASSED[0m[33m [ 76%][0m
tests/services/test_bp4_decision_service.py::test_lookup_returns_503_when_parquet_missing [32mPASSED[0m[33m [ 76%][0m
tests/services/test_bp4_decision_service.py::test_list_returns_503_when_parquet_missing [32mPASSED[0m[33m [ 77%][0m
tests/services/test_bp4_decision_service.py::test_real_bp4_decision_artifact_serves_queries [32mPASSED[0m[33m [ 77%][0m
tests/shared/test_bp1_rollup_helpers.py::test_per_class_report_to_df_excludes_aggregate_rows [32mPASSED[0m[33m [ 77%][0m
tests/shared/test_bp1_rollup_helpers.py::test_per_class_report_to_df_sorted_descending_by_f1 [32mPASSED[0m[33m [ 78%][0m
tests/shared/test_bp1_rollup_helpers.py::test_worst_best_intents_returns_correct_ends [32mPASSED[0m[33m [ 78%][0m
tests/shared/test_bp1_rollup_helpers.py::test_top_confused_pairs_excludes_diagonal_and_zero_counts [32mPASSED[0m[33m [ 78%][0m
tests/shared/test_bp1_rollup_helpers.py::test_top_confused_pairs_respects_n_limit [32mPASSED[0m[33m [ 78%][0m
tests/shared/test_bp1_rollup_helpers.py::test_build_smart_suggestions_flags_near_random_and_high_variance_when_present [32mPASSED[0m[33m [ 79%][0m
tests/shared/test_bp1_rollup_helpers.py::test_build_smart_suggestions_omits_anomaly_items_when_absent [32mPASSED[0m[33m [ 79%][0m
tests/shared/test_bp1_rollup_helpers.py::test_build_smart_suggestions_every_item_has_required_fields [32mPASSED[0m[33m [ 79%][0m
tests/shared/test_bp1_rollup_helpers.py::test_build_kpi_bundle_pulls_real_values_verbatim [32mPASSED[0m[33m [ 80%][0m
tests/shared/test_bp1_rollup_helpers.py::test_build_kpi_bundle_surfaces_gate3_open_anomaly_counts [32mPASSED[0m[33m [ 80%][0m
tests/shared/test_bp1_rollup_helpers.py::test_build_kpi_bundle_has_no_financial_fields [32mPASSED[0m[33m [ 80%][0m
tests/shared/test_bp1_rollup_helpers.py::test_build_gate1_summary_reads_every_real_field [32mPASSED[0m[33m [ 81%][0m
tests/shared/test_bp1_rollup_helpers.py::test_build_gate1_summary_shared_columns_is_the_real_list_not_just_a_count [32mPASSED[0m[33m [ 81%][0m
tests/shared/test_bp1_rollup_helpers.py::test_build_gate6_governance_detail_reads_every_real_field [32mPASSED[0m[33m [ 81%][0m
tests/shared/test_bp1_rollup_helpers.py::test_build_gate6_governance_detail_handles_missing_gate3_block_gracefully [32mPASSED[0m[33m [ 82%][0m
tests/shared/test_bp1_rollup_helpers.py::test_load_all_gate_artifacts_missing_prerequisite_raises_named_error [32mPASSED[0m[33m [ 82%][0m
tests/shared/test_friction_severity_mapper.py::test_load_severity_config_missing_file_raises [32mPASSED[0m[33m [ 82%][0m
tests/shared/test_friction_severity_mapper.py::test_load_severity_config_valid_returns_dict [32mPASSED[0m[33m [ 82%][0m
tests/shared/test_friction_severity_mapper.py::test_friction_severity_expr_precedence_and_all_branches [32mPASSED[0m[33m [ 83%][0m
tests/shared/test_friction_severity_mapper.py::test_load_cfpb_with_severity_is_lazy_and_adds_column [32mPASSED[0m[33m [ 83%][0m
tests/shared/test_friction_severity_mapper.py::test_load_cfpb_with_severity_attaches_taxonomy_bucket_when_mapping_provided [32mPASSED[0m[33m [ 83%][0m
tests/shared/test_friction_severity_mapper.py::test_load_cfpb_with_severity_no_taxonomy_bucket_column_when_mapping_omitted [32mPASSED[0m[33m [ 84%][0m
tests/shared/test_friction_severity_mapper.py::test_severity_crosstab_report_counts_agreement [32mPASSED[0m[33m [ 84%][0m
tests/shared/test_friction_severity_mapper.py::test_severity_distribution_report_fractions_sum_to_one [32mPASSED[0m[33m [ 84%][0m
tests/shared/test_friction_severity_mapper.py::test_build_bp2_severity_gold_layer_writes_parquet_and_returns_row_count [32mPASSED[0m[33m [ 85%][0m
tests/shared/test_model_persistence.py::test_bp1_save_load_round_trip [32mPASSED[0m[33m [ 85%][0m
tests/shared/test_model_persistence.py::test_bp2_save_load_round_trip [32mPASSED[0m[33m [ 85%][0m
tests/shared/test_model_persistence.py::test_bp3_save_load_round_trip [32mPASSED[0m[33m [ 85%][0m
tests/shared/test_model_persistence.py::test_save_creates_parent_directories [32mPASSED[0m[33m [ 86%][0m
tests/shared/test_model_persistence.py::test_save_rejects_unknown_bp_id [32mPASSED[0m[33m [ 86%][0m
tests/shared/test_model_persistence.py::test_save_rejects_missing_required_key [32mPASSED[0m[33m [ 86%][0m
tests/shared/test_model_persistence.py::test_load_missing_file_raises_file_not_found [32mPASSED[0m[33m [ 87%][0m
tests/shared/test_model_persistence.py::test_load_rejects_non_dict_payload [32mPASSED[0m[33m [ 87%][0m
tests/shared/test_model_persistence.py::test_required_keys_contract_covers_all_supported_bps [32mPASSED[0m[33m [ 87%][0m
tests/shared/test_model_persistence.py::test_predict_bp1_returns_well_formed_output [32mPASSED[0m[33m [ 88%][0m
tests/shared/test_model_persistence.py::test_predict_bp1_wrong_bp_id_raises [32mPASSED[0m[33m [ 88%][0m
tests/shared/test_model_persistence.py::test_predict_bp2_returns_well_formed_output [32mPASSED[0m[33m [ 88%][0m
tests/shared/test_model_persistence.py::test_predict_bp2_unseen_company_gets_zero_frequency_not_fabricated [32mPASSED[0m[33m [ 89%][0m
tests/shared/test_model_persistence.py::test_predict_bp2_wrong_bp_id_raises [32mPASSED[0m[33m [ 89%][0m
tests/shared/test_model_persistence.py::test_predict_bp3_returns_well_formed_output [32mPASSED[0m[33m [ 89%][0m
tests/shared/test_model_persistence.py::test_predict_bp3_confidence_is_max_of_both_class_probabilities [32mPASSED[0m[33m [ 89%][0m
tests/shared/test_model_persistence.py::test_predict_bp3_unseen_company_gets_zero_frequency_not_fabricated [32mPASSED[0m[33m [ 90%][0m
tests/shared/test_model_persistence.py::test_predict_bp3_wrong_bp_id_raises [32mPASSED[0m[33m [ 90%][0m
tests/shared/test_performance_setup.py::test_resolve_project_root_env_override_valid [32mPASSED[0m[33m [ 90%][0m
tests/shared/test_performance_setup.py::test_resolve_project_root_env_override_invalid_raises [32mPASSED[0m[33m [ 91%][0m
tests/shared/test_performance_setup.py::test_resolve_project_root_upward_walk [32mPASSED[0m[33m [ 91%][0m
tests/shared/test_performance_setup.py::test_resolve_project_root_downward_search [32mPASSED[0m[33m [ 91%][0m
tests/shared/test_performance_setup.py::test_resolve_project_root_raises_when_not_found [32mPASSED[0m[33m [ 92%][0m
tests/shared/test_performance_setup.py::test_load_resource_limits_missing_raises [32mPASSED[0m[33m [ 92%][0m
tests/shared/test_performance_setup.py::test_load_resource_limits_loads_valid_yaml [32mPASSED[0m[33m [ 92%][0m
tests/shared/test_performance_setup.py::test_configure_performance_sets_env_vars_and_returns_summary [32mPASSED[0m[33m [ 92%][0m
tests/shared/test_performance_setup.py::test_configure_performance_min_one_thread_never_zero [32mPASSED[0m[33m [ 93%][0m
tests/shared/test_performance_setup.py::test_configure_performance_raises_without_safety_flag [32mPASSED[0m[33m [ 93%][0m
tests/shared/test_performance_setup.py::test_pin_core_affinity_applies_and_returns_target [32mPASSED[0m[33m [ 93%][0m
tests/shared/test_performance_setup.py::test_pin_core_affinity_returns_none_when_unsupported [32mPASSED[0m[33m [ 94%][0m
tests/shared/test_performance_setup.py::test_pin_core_affinity_returns_none_on_oserror [32mPASSED[0m[33m [ 94%][0m
tests/shared/test_performance_setup.py::test_memory_headroom_gb_default_ceiling [32mPASSED[0m[33m [ 94%][0m
tests/shared/test_performance_setup.py::test_memory_headroom_gb_custom_ceiling [32mPASSED[0m[33m [ 95%][0m
tests/shared/test_performance_setup.py::test_assert_within_ram_ceiling_passes_when_below [32mPASSED[0m[33m [ 95%][0m
tests/shared/test_performance_setup.py::test_assert_within_ram_ceiling_raises_when_above [32mPASSED[0m[33m [ 95%][0m
tests/shared/test_taxonomy_mapper.py::test_load_mapping_config_missing_file_raises [32mPASSED[0m[33m [ 96%][0m
tests/shared/test_taxonomy_mapper.py::test_load_mapping_config_missing_keys_raises [32mPASSED[0m[33m [ 96%][0m
tests/shared/test_taxonomy_mapper.py::test_load_mapping_config_wrong_category_count_raises [32mPASSED[0m[33m [ 96%][0m
tests/shared/test_taxonomy_mapper.py::test_load_mapping_config_valid_returns_dict [32mPASSED[0m[33m [ 96%][0m
tests/shared/test_taxonomy_mapper.py::test_bucket_for_banking77_category_found [32mPASSED[0m[33m [ 97%][0m
tests/shared/test_taxonomy_mapper.py::test_bucket_for_banking77_category_not_found_returns_none [32mPASSED[0m[33m [ 97%][0m
tests/shared/test_taxonomy_mapper.py::test_product_to_bucket_lookup_first_bucket_wins [32mPASSED[0m[33m [ 97%][0m
tests/shared/test_taxonomy_mapper.py::test_cfpb_bucket_expr_maps_known_out_of_scope_and_unknown [32mPASSED[0m[33m [ 98%][0m
tests/shared/test_taxonomy_mapper.py::test_load_banking77_with_bucket_wrong_category_count_raises [32mPASSED[0m[33m [ 98%][0m
tests/shared/test_taxonomy_mapper.py::test_load_banking77_with_bucket_unmapped_category_raises [32mPASSED[0m[33m [ 98%][0m
tests/shared/test_taxonomy_mapper.py::test_load_banking77_with_bucket_success [32mPASSED[0m[33m [ 99%][0m
tests/shared/test_taxonomy_mapper.py::test_load_cfpb_with_bucket_is_lazy_and_adds_column [32mPASSED[0m[33m [ 99%][0m
tests/shared/test_taxonomy_mapper.py::test_mapping_coverage_report_counts_and_fractions_sum_to_one [32mPASSED[0m[33m [ 99%][0m
tests/shared/test_taxonomy_mapper.py::test_build_common_taxonomy_layer_writes_parquet_and_returns_counts [32mPASSED[0m[33m [100%][0m

[33m============================== warnings summary ===============================[0m
..\..\..\..\Anaconda3\envs\home_credit_env\Lib\site-packages\fastapi\testclient.py:1
  C:\Anaconda3\envs\home_credit_env\Lib\site-packages\fastapi\testclient.py:1: StarletteDeprecationWarning: Using `httpx` with `starlette.testclient` is deprecated; install `httpx2` instead.
    from starlette.testclient import TestClient as TestClient  # noqa

tests/deployment/test_readiness_verdict.py: 42 warnings
tests/services/test_bp1_inference_service.py: 52 warnings
tests/services/test_bp2_inference_service.py: 36 warnings
tests/services/test_bp3_inference_service.py: 36 warnings
tests/shared/test_model_persistence.py: 14 warnings
  C:\Anaconda3\envs\home_credit_env\Lib\site-packages\joblib\numpy_pickle.py:207: DeprecationWarning: Setting the shape on a NumPy array has been deprecated in NumPy 2.5.
  As an alternative, you can create a new view using np.reshape (with copy=False if needed).
    array.shape = self.shape

tests/services/test_bp1_inference_service.py::test_real_bp1_champion_bundle_serves_predictions
  C:\Anaconda3\envs\home_credit_env\Lib\site-packages\joblib\numpy_pickle.py:204: DeprecationWarning: Setting the shape on a NumPy array has been deprecated in NumPy 2.5.
  As an alternative, you can create a new view using np.reshape (with copy=False if needed).
    array.shape = self.shape[::-1]

-- Docs: https://docs.pytest.org/en/stable/how-to/capture-warnings.html
[33m================ [32m325 passed[0m, [33m[1m3 skipped[0m, [33m[1m182 warnings[0m[33m in 9.51s[0m[33m =================[0m

--- STDERR ---
